NOTE: Picked up JDK_JAVA_OPTIONS:  --add-opens=java.base/java.lang=ALL-UNNAMED --add-opens=java.base/java.io=ALL-UNNAMED --add-opens=java.rmi/sun.rmi.transport=ALL-UNNAMED
02-Dec-2018 19:12:13.550 INFO [main] org.apache.catalina.startup.VersionLoggerListener.log Server version:        Apache Tomcat/9.0.13
02-Dec-2018 19:12:13.559 INFO [main] org.apache.catalina.startup.VersionLoggerListener.log Server built:          Nov 2 2018 14:27:55 UTC
02-Dec-2018 19:12:13.559 INFO [main] org.apache.catalina.startup.VersionLoggerListener.log Server number:         9.0.13.0
02-Dec-2018 19:12:13.560 INFO [main] org.apache.catalina.startup.VersionLoggerListener.log OS Name:               Mac OS X
02-Dec-2018 19:12:13.560 INFO [main] org.apache.catalina.startup.VersionLoggerListener.log OS Version:            10.14.1
02-Dec-2018 19:12:13.560 INFO [main] org.apache.catalina.startup.VersionLoggerListener.log Architecture:          x86_64
02-Dec-2018 19:12:13.560 INFO [main] org.apache.catalina.startup.VersionLoggerListener.log Java Home:             /Library/Java/JavaVirtualMachines/jdk-10.0.1.jdk/Contents/Home
02-Dec-2018 19:12:13.563 INFO [main] org.apache.catalina.startup.VersionLoggerListener.log JVM Version:           10.0.1+10
02-Dec-2018 19:12:13.563 INFO [main] org.apache.catalina.startup.VersionLoggerListener.log JVM Vendor:            "Oracle Corporation"
02-Dec-2018 19:12:13.563 INFO [main] org.apache.catalina.startup.VersionLoggerListener.log CATALINA_BASE:         /Users/liuer/Desktop/git/HeartFirst/apache-tomcat-9.0.13
02-Dec-2018 19:12:13.564 INFO [main] org.apache.catalina.startup.VersionLoggerListener.log CATALINA_HOME:         /Users/liuer/Desktop/git/HeartFirst/apache-tomcat-9.0.13
02-Dec-2018 19:12:13.568 INFO [main] org.apache.catalina.startup.VersionLoggerListener.log Command line argument: --add-opens=java.base/java.lang=ALL-UNNAMED
02-Dec-2018 19:12:13.569 INFO [main] org.apache.catalina.startup.VersionLoggerListener.log Command line argument: --add-opens=java.base/java.io=ALL-UNNAMED
02-Dec-2018 19:12:13.569 INFO [main] org.apache.catalina.startup.VersionLoggerListener.log Command line argument: --add-opens=java.rmi/sun.rmi.transport=ALL-UNNAMED
02-Dec-2018 19:12:13.569 INFO [main] org.apache.catalina.startup.VersionLoggerListener.log Command line argument: -Djava.util.logging.config.file=/Users/liuer/Desktop/git/HeartFirst/apache-tomcat-9.0.13/conf/logging.properties
02-Dec-2018 19:12:13.570 INFO [main] org.apache.catalina.startup.VersionLoggerListener.log Command line argument: -Djava.util.logging.manager=org.apache.juli.ClassLoaderLogManager
02-Dec-2018 19:12:13.570 INFO [main] org.apache.catalina.startup.VersionLoggerListener.log Command line argument: -Djdk.tls.ephemeralDHKeySize=2048
02-Dec-2018 19:12:13.570 INFO [main] org.apache.catalina.startup.VersionLoggerListener.log Command line argument: -Djava.protocol.handler.pkgs=org.apache.catalina.webresources
02-Dec-2018 19:12:13.570 INFO [main] org.apache.catalina.startup.VersionLoggerListener.log Command line argument: -Dorg.apache.catalina.security.SecurityListener.UMASK=0027
02-Dec-2018 19:12:13.571 INFO [main] org.apache.catalina.startup.VersionLoggerListener.log Command line argument: -Dignore.endorsed.dirs=
02-Dec-2018 19:12:13.571 INFO [main] org.apache.catalina.startup.VersionLoggerListener.log Command line argument: -Dcatalina.base=/Users/liuer/Desktop/git/HeartFirst/apache-tomcat-9.0.13
02-Dec-2018 19:12:13.571 INFO [main] org.apache.catalina.startup.VersionLoggerListener.log Command line argument: -Dcatalina.home=/Users/liuer/Desktop/git/HeartFirst/apache-tomcat-9.0.13
02-Dec-2018 19:12:13.572 INFO [main] org.apache.catalina.startup.VersionLoggerListener.log Command line argument: -Djava.io.tmpdir=/Users/liuer/Desktop/git/HeartFirst/apache-tomcat-9.0.13/temp
02-Dec-2018 19:12:13.572 INFO [main] org.apache.catalina.core.AprLifecycleListener.lifecycleEvent The APR based Apache Tomcat Native library which allows optimal performance in production environments was not found on the java.library.path: [/Users/liuer/Library/Java/Extensions:/Library/Java/Extensions:/Network/Library/Java/Extensions:/System/Library/Java/Extensions:/usr/lib/java:.]
02-Dec-2018 19:12:13.654 INFO [main] org.apache.coyote.AbstractProtocol.init Initializing ProtocolHandler ["http-nio-8080"]
02-Dec-2018 19:12:13.700 INFO [main] org.apache.tomcat.util.net.NioSelectorPool.getSharedSelector Using a shared selector for servlet write/read
02-Dec-2018 19:12:13.725 INFO [main] org.apache.coyote.AbstractProtocol.init Initializing ProtocolHandler ["ajp-nio-8009"]
02-Dec-2018 19:12:13.728 INFO [main] org.apache.tomcat.util.net.NioSelectorPool.getSharedSelector Using a shared selector for servlet write/read
02-Dec-2018 19:12:13.729 INFO [main] org.apache.catalina.startup.Catalina.load Initialization processed in 1253 ms
02-Dec-2018 19:12:13.855 INFO [main] org.apache.catalina.core.StandardService.startInternal Starting service [Catalina]
02-Dec-2018 19:12:13.856 INFO [main] org.apache.catalina.core.StandardEngine.startInternal Starting Servlet Engine: Apache Tomcat/9.0.13
02-Dec-2018 19:12:13.873 INFO [main] org.apache.catalina.startup.HostConfig.deployDirectory Deploying web application directory [/Users/liuer/Desktop/git/HeartFirst/apache-tomcat-9.0.13/webapps/docs]
02-Dec-2018 19:12:15.090 INFO [main] org.apache.catalina.startup.HostConfig.deployDirectory Deployment of web application directory [/Users/liuer/Desktop/git/HeartFirst/apache-tomcat-9.0.13/webapps/docs] has finished in [1,207] ms
02-Dec-2018 19:12:15.091 INFO [main] org.apache.catalina.startup.HostConfig.deployDirectory Deploying web application directory [/Users/liuer/Desktop/git/HeartFirst/apache-tomcat-9.0.13/webapps/manager]
02-Dec-2018 19:12:15.290 INFO [main] org.apache.catalina.startup.HostConfig.deployDirectory Deployment of web application directory [/Users/liuer/Desktop/git/HeartFirst/apache-tomcat-9.0.13/webapps/manager] has finished in [199] ms
02-Dec-2018 19:12:15.291 INFO [main] org.apache.catalina.startup.HostConfig.deployDirectory Deploying web application directory [/Users/liuer/Desktop/git/HeartFirst/apache-tomcat-9.0.13/webapps/examples]
02-Dec-2018 19:12:16.363 INFO [main] org.apache.catalina.startup.HostConfig.deployDirectory Deployment of web application directory [/Users/liuer/Desktop/git/HeartFirst/apache-tomcat-9.0.13/webapps/examples] has finished in [1,071] ms
02-Dec-2018 19:12:16.364 INFO [main] org.apache.catalina.startup.HostConfig.deployDirectory Deploying web application directory [/Users/liuer/Desktop/git/HeartFirst/apache-tomcat-9.0.13/webapps/ROOT]
02-Dec-2018 19:12:16.406 INFO [main] org.apache.catalina.startup.HostConfig.deployDirectory Deployment of web application directory [/Users/liuer/Desktop/git/HeartFirst/apache-tomcat-9.0.13/webapps/ROOT] has finished in [41] ms
02-Dec-2018 19:12:16.407 INFO [main] org.apache.catalina.startup.HostConfig.deployDirectory Deploying web application directory [/Users/liuer/Desktop/git/HeartFirst/apache-tomcat-9.0.13/webapps/host-manager]
02-Dec-2018 19:12:16.451 INFO [main] org.apache.catalina.startup.HostConfig.deployDirectory Deployment of web application directory [/Users/liuer/Desktop/git/HeartFirst/apache-tomcat-9.0.13/webapps/host-manager] has finished in [44] ms
02-Dec-2018 19:12:16.451 INFO [main] org.apache.catalina.startup.HostConfig.deployDirectory Deploying web application directory [/Users/liuer/Desktop/git/HeartFirst/apache-tomcat-9.0.13/webapps/MyFirstServlet]
02-Dec-2018 19:12:16.519 INFO [main] org.apache.catalina.startup.HostConfig.deployDirectory Deployment of web application directory [/Users/liuer/Desktop/git/HeartFirst/apache-tomcat-9.0.13/webapps/MyFirstServlet] has finished in [68] ms
02-Dec-2018 19:12:16.524 INFO [main] org.apache.coyote.AbstractProtocol.start Starting ProtocolHandler ["http-nio-8080"]
02-Dec-2018 19:12:16.544 INFO [main] org.apache.coyote.AbstractProtocol.start Starting ProtocolHandler ["ajp-nio-8009"]
02-Dec-2018 19:12:16.549 INFO [main] org.apache.catalina.startup.Catalina.start Server startup in 2818 ms
Init
From service
02-Dec-2018 19:23:06.964 INFO [ContainerBackgroundProcessor[StandardEngine[Catalina]]] org.apache.catalina.startup.HostConfig.reload Reloading context [/MyFirstServlet]
02-Dec-2018 19:23:06.966 INFO [ContainerBackgroundProcessor[StandardEngine[Catalina]]] org.apache.catalina.core.StandardContext.reload Reloading Context with name [/MyFirstServlet] has started
Destroy
02-Dec-2018 19:23:07.091 INFO [ContainerBackgroundProcessor[StandardEngine[Catalina]]] org.apache.catalina.core.StandardContext.reload Reloading Context with name [/MyFirstServlet] is completed
02-Dec-2018 19:23:27.104 INFO [ContainerBackgroundProcessor[StandardEngine[Catalina]]] org.apache.catalina.startup.HostConfig.reload Reloading context [/MyFirstServlet]
02-Dec-2018 19:23:27.105 INFO [ContainerBackgroundProcessor[StandardEngine[Catalina]]] org.apache.catalina.core.StandardContext.reload Reloading Context with name [/MyFirstServlet] has started
02-Dec-2018 19:23:27.197 INFO [ContainerBackgroundProcessor[StandardEngine[Catalina]]] org.apache.catalina.core.StandardContext.reload Reloading Context with name [/MyFirstServlet] is completed
02-Dec-2018 19:25:19.245 INFO [main] org.apache.catalina.core.StandardServer.await A valid shutdown command was received via the shutdown port. Stopping the Server instance.
02-Dec-2018 19:25:19.246 INFO [main] org.apache.coyote.AbstractProtocol.pause Pausing ProtocolHandler ["http-nio-8080"]
02-Dec-2018 19:25:19.257 INFO [main] org.apache.coyote.AbstractProtocol.pause Pausing ProtocolHandler ["ajp-nio-8009"]
02-Dec-2018 19:25:19.265 INFO [main] org.apache.catalina.core.StandardService.stopInternal Stopping service [Catalina]
02-Dec-2018 19:25:19.316 INFO [main] org.apache.coyote.AbstractProtocol.stop Stopping ProtocolHandler ["http-nio-8080"]
02-Dec-2018 19:25:19.324 INFO [main] org.apache.coyote.AbstractProtocol.stop Stopping ProtocolHandler ["ajp-nio-8009"]
02-Dec-2018 19:25:19.330 INFO [main] org.apache.coyote.AbstractProtocol.destroy Destroying ProtocolHandler ["http-nio-8080"]
02-Dec-2018 19:25:19.332 INFO [main] org.apache.coyote.AbstractProtocol.destroy Destroying ProtocolHandler ["ajp-nio-8009"]
NOTE: Picked up JDK_JAVA_OPTIONS:  --add-opens=java.base/java.lang=ALL-UNNAMED --add-opens=java.base/java.io=ALL-UNNAMED --add-opens=java.rmi/sun.rmi.transport=ALL-UNNAMED
02-Dec-2018 19:25:28.147 INFO [main] org.apache.catalina.startup.VersionLoggerListener.log Server version:        Apache Tomcat/9.0.13
02-Dec-2018 19:25:28.162 INFO [main] org.apache.catalina.startup.VersionLoggerListener.log Server built:          Nov 2 2018 14:27:55 UTC
02-Dec-2018 19:25:28.163 INFO [main] org.apache.catalina.startup.VersionLoggerListener.log Server number:         9.0.13.0
02-Dec-2018 19:25:28.163 INFO [main] org.apache.catalina.startup.VersionLoggerListener.log OS Name:               Mac OS X
02-Dec-2018 19:25:28.163 INFO [main] org.apache.catalina.startup.VersionLoggerListener.log OS Version:            10.14.1
02-Dec-2018 19:25:28.163 INFO [main] org.apache.catalina.startup.VersionLoggerListener.log Architecture:          x86_64
02-Dec-2018 19:25:28.165 INFO [main] org.apache.catalina.startup.VersionLoggerListener.log Java Home:             /Library/Java/JavaVirtualMachines/jdk-10.0.1.jdk/Contents/Home
02-Dec-2018 19:25:28.165 INFO [main] org.apache.catalina.startup.VersionLoggerListener.log JVM Version:           10.0.1+10
02-Dec-2018 19:25:28.166 INFO [main] org.apache.catalina.startup.VersionLoggerListener.log JVM Vendor:            "Oracle Corporation"
02-Dec-2018 19:25:28.166 INFO [main] org.apache.catalina.startup.VersionLoggerListener.log CATALINA_BASE:         /Users/liuer/Desktop/git/HeartFirst/apache-tomcat-9.0.13
02-Dec-2018 19:25:28.166 INFO [main] org.apache.catalina.startup.VersionLoggerListener.log CATALINA_HOME:         /Users/liuer/Desktop/git/HeartFirst/apache-tomcat-9.0.13
02-Dec-2018 19:25:28.171 INFO [main] org.apache.catalina.startup.VersionLoggerListener.log Command line argument: --add-opens=java.base/java.lang=ALL-UNNAMED
02-Dec-2018 19:25:28.172 INFO [main] org.apache.catalina.startup.VersionLoggerListener.log Command line argument: --add-opens=java.base/java.io=ALL-UNNAMED
02-Dec-2018 19:25:28.172 INFO [main] org.apache.catalina.startup.VersionLoggerListener.log Command line argument: --add-opens=java.rmi/sun.rmi.transport=ALL-UNNAMED
02-Dec-2018 19:25:28.172 INFO [main] org.apache.catalina.startup.VersionLoggerListener.log Command line argument: -Djava.util.logging.config.file=/Users/liuer/Desktop/git/HeartFirst/apache-tomcat-9.0.13/conf/logging.properties
02-Dec-2018 19:25:28.173 INFO [main] org.apache.catalina.startup.VersionLoggerListener.log Command line argument: -Djava.util.logging.manager=org.apache.juli.ClassLoaderLogManager
02-Dec-2018 19:25:28.173 INFO [main] org.apache.catalina.startup.VersionLoggerListener.log Command line argument: -Djdk.tls.ephemeralDHKeySize=2048
02-Dec-2018 19:25:28.173 INFO [main] org.apache.catalina.startup.VersionLoggerListener.log Command line argument: -Djava.protocol.handler.pkgs=org.apache.catalina.webresources
02-Dec-2018 19:25:28.173 INFO [main] org.apache.catalina.startup.VersionLoggerListener.log Command line argument: -Dorg.apache.catalina.security.SecurityListener.UMASK=0027
02-Dec-2018 19:25:28.174 INFO [main] org.apache.catalina.startup.VersionLoggerListener.log Command line argument: -Dignore.endorsed.dirs=
02-Dec-2018 19:25:28.174 INFO [main] org.apache.catalina.startup.VersionLoggerListener.log Command line argument: -Dcatalina.base=/Users/liuer/Desktop/git/HeartFirst/apache-tomcat-9.0.13
02-Dec-2018 19:25:28.174 INFO [main] org.apache.catalina.startup.VersionLoggerListener.log Command line argument: -Dcatalina.home=/Users/liuer/Desktop/git/HeartFirst/apache-tomcat-9.0.13
02-Dec-2018 19:25:28.174 INFO [main] org.apache.catalina.startup.VersionLoggerListener.log Command line argument: -Djava.io.tmpdir=/Users/liuer/Desktop/git/HeartFirst/apache-tomcat-9.0.13/temp
02-Dec-2018 19:25:28.175 INFO [main] org.apache.catalina.core.AprLifecycleListener.lifecycleEvent The APR based Apache Tomcat Native library which allows optimal performance in production environments was not found on the java.library.path: [/Users/liuer/Library/Java/Extensions:/Library/Java/Extensions:/Network/Library/Java/Extensions:/System/Library/Java/Extensions:/usr/lib/java:.]
02-Dec-2018 19:25:28.270 INFO [main] org.apache.coyote.AbstractProtocol.init Initializing ProtocolHandler ["http-nio-8080"]
02-Dec-2018 19:25:28.316 INFO [main] org.apache.tomcat.util.net.NioSelectorPool.getSharedSelector Using a shared selector for servlet write/read
02-Dec-2018 19:25:28.354 INFO [main] org.apache.coyote.AbstractProtocol.init Initializing ProtocolHandler ["ajp-nio-8009"]
02-Dec-2018 19:25:28.360 INFO [main] org.apache.tomcat.util.net.NioSelectorPool.getSharedSelector Using a shared selector for servlet write/read
02-Dec-2018 19:25:28.366 INFO [main] org.apache.catalina.startup.Catalina.load Initialization processed in 1329 ms
02-Dec-2018 19:25:28.598 INFO [main] org.apache.catalina.core.StandardService.startInternal Starting service [Catalina]
02-Dec-2018 19:25:28.598 INFO [main] org.apache.catalina.core.StandardEngine.startInternal Starting Servlet Engine: Apache Tomcat/9.0.13
02-Dec-2018 19:25:28.614 INFO [main] org.apache.catalina.startup.HostConfig.deployDirectory Deploying web application directory [/Users/liuer/Desktop/git/HeartFirst/apache-tomcat-9.0.13/webapps/docs]
02-Dec-2018 19:25:29.545 WARNING [main] org.apache.catalina.util.SessionIdGeneratorBase.createSecureRandom Creation of SecureRandom instance for session ID generation using [SHA1PRNG] took [110] milliseconds.
02-Dec-2018 19:25:29.615 INFO [main] org.apache.catalina.startup.HostConfig.deployDirectory Deployment of web application directory [/Users/liuer/Desktop/git/HeartFirst/apache-tomcat-9.0.13/webapps/docs] has finished in [1,001] ms
02-Dec-2018 19:25:29.616 INFO [main] org.apache.catalina.startup.HostConfig.deployDirectory Deploying web application directory [/Users/liuer/Desktop/git/HeartFirst/apache-tomcat-9.0.13/webapps/manager]
02-Dec-2018 19:25:29.896 INFO [main] org.apache.catalina.startup.HostConfig.deployDirectory Deployment of web application directory [/Users/liuer/Desktop/git/HeartFirst/apache-tomcat-9.0.13/webapps/manager] has finished in [279] ms
02-Dec-2018 19:25:29.899 INFO [main] org.apache.catalina.startup.HostConfig.deployDirectory Deploying web application directory [/Users/liuer/Desktop/git/HeartFirst/apache-tomcat-9.0.13/webapps/examples]
02-Dec-2018 19:25:30.674 INFO [main] org.apache.catalina.startup.HostConfig.deployDirectory Deployment of web application directory [/Users/liuer/Desktop/git/HeartFirst/apache-tomcat-9.0.13/webapps/examples] has finished in [775] ms
02-Dec-2018 19:25:30.675 INFO [main] org.apache.catalina.startup.HostConfig.deployDirectory Deploying web application directory [/Users/liuer/Desktop/git/HeartFirst/apache-tomcat-9.0.13/webapps/ROOT]
02-Dec-2018 19:25:30.715 INFO [main] org.apache.catalina.startup.HostConfig.deployDirectory Deployment of web application directory [/Users/liuer/Desktop/git/HeartFirst/apache-tomcat-9.0.13/webapps/ROOT] has finished in [39] ms
02-Dec-2018 19:25:30.715 INFO [main] org.apache.catalina.startup.HostConfig.deployDirectory Deploying web application directory [/Users/liuer/Desktop/git/HeartFirst/apache-tomcat-9.0.13/webapps/host-manager]
02-Dec-2018 19:25:30.759 INFO [main] org.apache.catalina.startup.HostConfig.deployDirectory Deployment of web application directory [/Users/liuer/Desktop/git/HeartFirst/apache-tomcat-9.0.13/webapps/host-manager] has finished in [44] ms
02-Dec-2018 19:25:30.760 INFO [main] org.apache.catalina.startup.HostConfig.deployDirectory Deploying web application directory [/Users/liuer/Desktop/git/HeartFirst/apache-tomcat-9.0.13/webapps/MyFirstServlet]
02-Dec-2018 19:25:33.486 INFO [main] org.apache.jasper.servlet.TldScanner.scanJars At least one JAR was scanned for TLDs yet contained no TLDs. Enable debug logging for this logger for a complete list of JARs that were scanned but no TLDs were found in them. Skipping unneeded JARs during scanning can improve startup time and JSP compilation time.
02-Dec-2018 19:25:33.612 INFO [main] org.springframework.web.servlet.FrameworkServlet.initServletBean Initializing Servlet 'MyFirstServletName'
02-Dec-2018 19:25:34.703 INFO [main] org.springframework.web.servlet.FrameworkServlet.initServletBean Completed initialization in 1090 ms
02-Dec-2018 19:25:34.708 INFO [main] org.apache.catalina.startup.HostConfig.deployDirectory Deployment of web application directory [/Users/liuer/Desktop/git/HeartFirst/apache-tomcat-9.0.13/webapps/MyFirstServlet] has finished in [3,948] ms
02-Dec-2018 19:25:34.712 INFO [main] org.apache.coyote.AbstractProtocol.start Starting ProtocolHandler ["http-nio-8080"]
02-Dec-2018 19:25:34.727 INFO [main] org.apache.coyote.AbstractProtocol.start Starting ProtocolHandler ["ajp-nio-8009"]
02-Dec-2018 19:25:34.742 INFO [main] org.apache.catalina.startup.Catalina.start Server startup in 6356 ms
02-Dec-2018 19:49:09.924 WARNING [http-nio-8080-exec-8] org.springframework.web.servlet.DispatcherServlet.noHandlerFound No mapping for GET /MyFirstServlet/hello
